c:\users\administrator.w8ds6zr1z8g9v4l\desktop\zhuxianzhen\qipai\proj.win32\debug.win32\mlclientscoket.obj
c:\users\administrator.w8ds6zr1z8g9v4l\desktop\zhuxianzhen\qipai\proj.win32\debug.win32\qipan.obj
c:\users\administrator.w8ds6zr1z8g9v4l\desktop\zhuxianzhen\qipai\proj.win32\debug.win32\mlclientinetaddress.obj
c:\users\administrator.w8ds6zr1z8g9v4l\desktop\zhuxianzhen\qipai\proj.win32\debug.win32\player.obj
c:\users\administrator.w8ds6zr1z8g9v4l\desktop\zhuxianzhen\qipai\proj.win32\debug.win32\windowinfo.obj
c:\users\administrator.w8ds6zr1z8g9v4l\desktop\zhuxianzhen\qipai\proj.win32\debug.win32\mlclientnetdelegate.obj
c:\users\administrator.w8ds6zr1z8g9v4l\desktop\zhuxianzhen\qipai\proj.win32\debug.win32\gamescene.obj
c:\users\administrator.w8ds6zr1z8g9v4l\desktop\zhuxianzhen\qipai\proj.win32\debug.win32\appdelegate.obj
c:\users\administrator.w8ds6zr1z8g9v4l\desktop\zhuxianzhen\qipai\proj.win32\debug.win32\poker.obj
c:\users\administrator.w8ds6zr1z8g9v4l\desktop\zhuxianzhen\qipai\proj.win32\debug.win32\main.obj
c:\users\administrator.w8ds6zr1z8g9v4l\desktop\zhuxianzhen\qipai\proj.win32\debug.win32\convert.obj
c:\users\administrator.w8ds6zr1z8g9v4l\desktop\zhuxianzhen\qipai\proj.win32\debug.win32\scencemanager.obj
c:\users\administrator.w8ds6zr1z8g9v4l\desktop\zhuxianzhen\qipai\proj.win32\debug.win32\utility.obj
c:\users\administrator.w8ds6zr1z8g9v4l\desktop\zhuxianzhen\qipai\proj.win32\debug.win32\scriptxmlparse.obj
c:\users\administrator.w8ds6zr1z8g9v4l\desktop\zhuxianzhen\qipai\proj.win32\debug.win32\scriptdata.obj
e:\zhuxianzhen\qipai\proj.win32\debug.win32\convert.obj
e:\zhuxianzhen\qipai\proj.win32\debug.win32\poker.obj
e:\zhuxianzhen\qipai\proj.win32\debug.win32\player.obj
e:\zhuxianzhen\qipai\proj.win32\debug.win32\scencemanager.obj
e:\zhuxianzhen\qipai\proj.win32\debug.win32\appdelegate.obj
e:\zhuxianzhen\qipai\proj.win32\debug.win32\qipan.obj
e:\zhuxianzhen\qipai\proj.win32\debug.win32\gamescene.obj
e:\zhuxianzhen\qipai\proj.win32\debug.win32\scriptdata.obj
e:\zhuxianzhen\qipai\proj.win32\debug.win32\scriptxmlparse.obj
e:\zhuxianzhen\qipai\proj.win32\debug.win32\utility.obj
e:\zhuxianzhen\qipai\proj.win32\debug.win32\windowinfo.obj
c:\users\administrator.w8ds6zr1z8g9v4l\desktop\zhuxianzhen\qipai\proj.win32\debug.win32\zhuxianzhen.ilk
c:\users\administrator.w8ds6zr1z8g9v4l\desktop\zhuxianzhen\qipai\proj.win32\debug.win32\zhuxianzhen.exe
c:\users\administrator.w8ds6zr1z8g9v4l\desktop\zhuxianzhen\qipai\proj.win32\debug.win32\zhuxianzhen.pdb
c:\users\administrator.w8ds6zr1z8g9v4l\desktop\zhuxianzhen\qipai\proj.win32\debug.win32\game.res
e:\zhuxianzhen\qipai\proj.win32\debug.win32\game.res
c:\users\administrator.w8ds6zr1z8g9v4l\desktop\zhuxianzhen\qipai\proj.win32\debug.win32\zhuxianzhen.lib
c:\users\administrator.w8ds6zr1z8g9v4l\desktop\zhuxianzhen\qipai\proj.win32\debug.win32\zhuxianzhen.exp
c:\users\administrator.w8ds6zr1z8g9v4l\desktop\zhuxianzhen\qipai\proj.win32\zhuxianzhen.cab
e:\zhuxianzhen\qipai\proj.win32\debug.win32\main.obj
e:\zhuxianzhen\qipai\proj.win32\debug.win32\mlclientinetaddress.obj
e:\zhuxianzhen\qipai\proj.win32\debug.win32\mlclientnetdelegate.obj
e:\zhuxianzhen\qipai\proj.win32\debug.win32\mlclientscoket.obj
e:\zhuxianzhen\qipai\proj.win32\debug.win32\qipai.ilk
e:\zhuxianzhen\qipai\proj.win32\debug.win32\qipai.exp
e:\zhuxianzhen\qipai\proj.win32\debug.win32\zhuxianzhen.exp
e:\zhuxianzhen\qipai\proj.win32\debug.win32\qipai.pdb
e:\zhuxianzhen\qipai\proj.win32\debug.win32\zhuxianzhen.pdb
e:\zhuxianzhen\qipai\proj.win32\debug.win32\zhuxianzhen.tlog\cl.command.1.tlog
e:\zhuxianzhen\qipai\proj.win32\debug.win32\zhuxianzhen.tlog\cl.read.1.tlog
e:\zhuxianzhen\qipai\proj.win32\debug.win32\zhuxianzhen.tlog\cl.write.1.tlog
e:\zhuxianzhen\qipai\proj.win32\debug.win32\zhuxianzhen.tlog\link-cvtres.read.1.tlog
e:\zhuxianzhen\qipai\proj.win32\debug.win32\zhuxianzhen.tlog\link-cvtres.write.1.tlog
e:\zhuxianzhen\qipai\proj.win32\debug.win32\zhuxianzhen.tlog\link-rc.read.1.tlog
e:\zhuxianzhen\qipai\proj.win32\debug.win32\zhuxianzhen.tlog\link-rc.write.1.tlog
e:\zhuxianzhen\qipai\proj.win32\debug.win32\zhuxianzhen.tlog\link.command.1.tlog
e:\zhuxianzhen\qipai\proj.win32\debug.win32\zhuxianzhen.tlog\link.read.1.tlog
e:\zhuxianzhen\qipai\proj.win32\debug.win32\zhuxianzhen.tlog\link.write.1.tlog
e:\zhuxianzhen\qipai\proj.win32\debug.win32\zhuxianzhen.tlog\rc.command.1.tlog
e:\zhuxianzhen\qipai\proj.win32\debug.win32\zhuxianzhen.tlog\rc.read.1.tlog
e:\zhuxianzhen\qipai\proj.win32\debug.win32\zhuxianzhen.tlog\rc.write.1.tlog
e:\zhuxianzhen\qipai\proj.win32\debug.win32\zhuxianzhen.tlog\zhuxianzhen.write.1u.tlog
